<?xml version="1.0" encoding="UTF-8"?>
<testsuites>
  <testsuite name="fastlane.lanes">
    
    
    
      
      <testcase classname="fastlane.lanes" name="00: default_platform" time="0.008048">
        
      </testcase>
    
      
      <testcase classname="fastlane.lanes" name="01: setup_travis" time="0.001962">
        
      </testcase>
    
      
      <testcase classname="fastlane.lanes" name="02: read_podspec" time="0.18516">
        
      </testcase>
    
      
      <testcase classname="fastlane.lanes" name="03: Switch to ios pull_master lane" time="0.00134">
        
      </testcase>
    
      
      <testcase classname="fastlane.lanes" name="04: ensure_git_branch" time="0.01377">
        
      </testcase>
    
      
      <testcase classname="fastlane.lanes" name="05: git_pull" time="1.394732">
        
      </testcase>
    
      
      <testcase classname="fastlane.lanes" name="06: Switch to ios publish_podspec lane" time="0.001382">
        
      </testcase>
    
      
      <testcase classname="fastlane.lanes" name="07: ensure_git_branch" time="0.011804">
        
      </testcase>
    
      
      <testcase classname="fastlane.lanes" name="08: add_git_tag" time="0.017631">
        
      </testcase>
    
      
      <testcase classname="fastlane.lanes" name="09: push_git_tags" time="4.240128">
        
      </testcase>
    
      
      <testcase classname="fastlane.lanes" name="10: pod_push" time="284.565094">
        
          <failure message="/Library/Ruby/Gems/2.3.0/gems/fastlane-2.125.2/fastlane/lib/fastlane/actions/actions_helper.rb:48:in `execute_action'&#10;/Library/Ruby/Gems/2.3.0/gems/fastlane-2.125.2/fastlane/lib/fastlane/runner.rb:235:in `block in execute_action'&#10;/Library/Ruby/Gems/2.3.0/gems/fastlane-2.125.2/fastlane/lib/fastlane/runner.rb:227:in `chdir'&#10;/Library/Ruby/Gems/2.3.0/gems/fastlane-2.125.2/fastlane/lib/fastlane/runner.rb:227:in `execute_action'&#10;/Library/Ruby/Gems/2.3.0/gems/fastlane-2.125.2/fastlane/lib/fastlane/runner.rb:157:in `trigger_action_by_name'&#10;/Library/Ruby/Gems/2.3.0/gems/fastlane-2.125.2/fastlane/lib/fastlane/fast_file.rb:154:in `method_missing'&#10;Fastfile:112:in `block (2 levels) in parsing_binding'&#10;/Library/Ruby/Gems/2.3.0/gems/fastlane-2.125.2/fastlane/lib/fastlane/lane.rb:33:in `call'&#10;/Library/Ruby/Gems/2.3.0/gems/fastlane-2.125.2/fastlane/lib/fastlane/runner.rb:204:in `try_switch_to_lane'&#10;/Library/Ruby/Gems/2.3.0/gems/fastlane-2.125.2/fastlane/lib/fastlane/runner.rb:146:in `trigger_action_by_name'&#10;/Library/Ruby/Gems/2.3.0/gems/fastlane-2.125.2/fastlane/lib/fastlane/fast_file.rb:154:in `method_missing'&#10;Fastfile:95:in `block (2 levels) in parsing_binding'&#10;/Library/Ruby/Gems/2.3.0/gems/fastlane-2.125.2/fastlane/lib/fastlane/lane.rb:33:in `call'&#10;/Library/Ruby/Gems/2.3.0/gems/fastlane-2.125.2/fastlane/lib/fastlane/runner.rb:49:in `block in execute'&#10;/Library/Ruby/Gems/2.3.0/gems/fastlane-2.125.2/fastlane/lib/fastlane/runner.rb:45:in `chdir'&#10;/Library/Ruby/Gems/2.3.0/gems/fastlane-2.125.2/fastlane/lib/fastlane/runner.rb:45:in `execute'&#10;/Library/Ruby/Gems/2.3.0/gems/fastlane-2.125.2/fastlane/lib/fastlane/lane_manager.rb:56:in `cruise_lane'&#10;/Library/Ruby/Gems/2.3.0/gems/fastlane-2.125.2/fastlane/lib/fastlane/command_line_handler.rb:36:in `handle'&#10;/Library/Ruby/Gems/2.3.0/gems/fastlane-2.125.2/fastlane/lib/fastlane/commands_generator.rb:108:in `block (2 levels) in run'&#10;/Library/Ruby/Gems/2.3.0/gems/commander-fastlane-4.4.6/lib/commander/command.rb:178:in `call'&#10;/Library/Ruby/Gems/2.3.0/gems/commander-fastlane-4.4.6/lib/commander/command.rb:153:in `run'&#10;/Library/Ruby/Gems/2.3.0/gems/commander-fastlane-4.4.6/lib/commander/runner.rb:476:in `run_active_command'&#10;/Library/Ruby/Gems/2.3.0/gems/fastlane-2.125.2/fastlane_core/lib/fastlane_core/ui/fastlane_runner.rb:76:in `run!'&#10;/Library/Ruby/Gems/2.3.0/gems/commander-fastlane-4.4.6/lib/commander/delegates.rb:15:in `run!'&#10;/Library/Ruby/Gems/2.3.0/gems/fastlane-2.125.2/fastlane/lib/fastlane/commands_generator.rb:333:in `run'&#10;/Library/Ruby/Gems/2.3.0/gems/fastlane-2.125.2/fastlane/lib/fastlane/commands_generator.rb:41:in `start'&#10;/Library/Ruby/Gems/2.3.0/gems/fastlane-2.125.2/fastlane/lib/fastlane/cli_tools_distributor.rb:119:in `take_off'&#10;/Library/Ruby/Gems/2.3.0/gems/fastlane-2.125.2/bin/fastlane:23:in `&lt;top (required)&gt;'&#10;/usr/local/bin/fastlane:22:in `load'&#10;/usr/local/bin/fastlane:22:in `&lt;top (required)&gt;'&#10;/Library/Ruby/Gems/2.3.0/gems/bundler-2.0.1/lib/bundler/cli/exec.rb:74:in `load'&#10;/Library/Ruby/Gems/2.3.0/gems/bundler-2.0.1/lib/bundler/cli/exec.rb:74:in `kernel_load'&#10;/Library/Ruby/Gems/2.3.0/gems/bundler-2.0.1/lib/bundler/cli/exec.rb:28:in `run'&#10;/Library/Ruby/Gems/2.3.0/gems/bundler-2.0.1/lib/bundler/cli.rb:463:in `exec'&#10;/Library/Ruby/Gems/2.3.0/gems/bundler-2.0.1/lib/bundler/vendor/thor/lib/thor/command.rb:27:in `run'&#10;/Library/Ruby/Gems/2.3.0/gems/bundler-2.0.1/lib/bundler/vendor/thor/lib/thor/invocation.rb:126:in `invoke_command'&#10;/Library/Ruby/Gems/2.3.0/gems/bundler-2.0.1/lib/bundler/vendor/thor/lib/thor.rb:387:in `dispatch'&#10;/Library/Ruby/Gems/2.3.0/gems/bundler-2.0.1/lib/bundler/cli.rb:27:in `dispatch'&#10;/Library/Ruby/Gems/2.3.0/gems/bundler-2.0.1/lib/bundler/vendor/thor/lib/thor/base.rb:466:in `start'&#10;/Library/Ruby/Gems/2.3.0/gems/bundler-2.0.1/lib/bundler/cli.rb:18:in `start'&#10;/Library/Ruby/Gems/2.3.0/gems/bundler-2.0.1/exe/bundle:30:in `block in &lt;top (required)&gt;'&#10;/Library/Ruby/Gems/2.3.0/gems/bundler-2.0.1/lib/bundler/friendly_errors.rb:124:in `with_friendly_errors'&#10;/Library/Ruby/Gems/2.3.0/gems/bundler-2.0.1/exe/bundle:22:in `&lt;top (required)&gt;'&#10;/usr/local/bin/bundle:22:in `load'&#10;/usr/local/bin/bundle:22:in `&lt;main&gt;'&#10;&#10;Exit status of command 'pod trunk push' was 1 instead of 0.&#10;[32m&#10;[!] Found podspec `UIAdapterKit.podspec`[0m&#10;Updating spec repo `master`&#10;Validating podspec&#10; -&gt; UIAdapterKit -&gt; UIAdapterKit (1.0.0.alpha.1)&#10;    - NOTE  | [UIAdapterKit/Basic, UIAdapterKit/Realm, UIAdapterKit/Common, and more...] xcodebuild:  note: Using new build system&#10;    - NOTE  | [UIAdapterKit/Basic, UIAdapterKit/Realm, UIAdapterKit/Common, and more...] xcodebuild:  note: Planning build&#10;    - NOTE  | [UIAdapterKit/Basic, UIAdapterKit/Realm, UIAdapterKit/Common, and more...] xcodebuild:  note: Constructing build description&#10;    - ERROR | [iOS] [UIAdapterKit/Realm] xcodebuild: Returned an unsuccessful exit code. You can use `--verbose` for more information.&#10;    - ERROR | [iOS] [UIAdapterKit/Realm] xcodebuild:  UIAdapterKit/UIAdapterKit-Realm/Classes/Items/RealmItem.swift:14:11: error: use of undeclared type 'DefaultTableViewItem'&#10;&#10;[!] The spec did not pass validation, due to 2 errors.&#10;" />
        
      </testcase>
    
  </testsuite>
</testsuites>
